0 info it worked if it ends with ok
1 verbose cli [ 'C:\\Program Files\\nodejs\\node.exe',
1 verbose cli   'C:\\Users\\sharath.k\\AppData\\Roaming\\npm\\node_modules\\npm\\bin\\npm-cli.js',
1 verbose cli   'install',
1 verbose cli   'git-scripts',
1 verbose cli   '--save' ]
2 info using npm@3.10.6
3 info using node@v4.4.4
4 silly loadCurrentTree Starting
5 silly install loadCurrentTree
6 silly install readLocalPackageData
7 silly fetchPackageMetaData git-scripts
8 silly fetchNamedPackageData git-scripts
9 silly mapToRegistry name git-scripts
10 silly mapToRegistry using default registry
11 silly mapToRegistry registry https://registry.npmjs.org/
12 silly mapToRegistry data Result {
12 silly mapToRegistry   raw: 'git-scripts',
12 silly mapToRegistry   scope: null,
12 silly mapToRegistry   escapedName: 'git-scripts',
12 silly mapToRegistry   name: 'git-scripts',
12 silly mapToRegistry   rawSpec: '',
12 silly mapToRegistry   spec: 'latest',
12 silly mapToRegistry   type: 'tag' }
13 silly mapToRegistry uri https://registry.npmjs.org/git-scripts
14 verbose request uri https://registry.npmjs.org/git-scripts
15 verbose request no auth needed
16 info attempt registry request try #1 at 2:07:58 PM
17 verbose request id e7cfa60f507503c8
18 verbose etag "9S4V4VLIWZMJR09C8D59PA3FA"
19 http request GET https://registry.npmjs.org/git-scripts
20 http 304 https://registry.npmjs.org/git-scripts
21 verbose headers { date: 'Sun, 23 Oct 2016 08:37:59 GMT',
21 verbose headers   via: '1.1 varnish',
21 verbose headers   'cache-control': 'max-age=300',
21 verbose headers   etag: '"9S4V4VLIWZMJR09C8D59PA3FA"',
21 verbose headers   age: '74',
21 verbose headers   connection: 'keep-alive',
21 verbose headers   'x-served-by': 'cache-sin6922-SIN',
21 verbose headers   'x-cache': 'HIT',
21 verbose headers   'x-cache-hits': '1',
21 verbose headers   'x-timer': 'S1477211879.072650,VS0,VE0',
21 verbose headers   vary: 'Accept-Encoding' }
22 silly get cb [ 304,
22 silly get   { date: 'Sun, 23 Oct 2016 08:37:59 GMT',
22 silly get     via: '1.1 varnish',
22 silly get     'cache-control': 'max-age=300',
22 silly get     etag: '"9S4V4VLIWZMJR09C8D59PA3FA"',
22 silly get     age: '74',
22 silly get     connection: 'keep-alive',
22 silly get     'x-served-by': 'cache-sin6922-SIN',
22 silly get     'x-cache': 'HIT',
22 silly get     'x-cache-hits': '1',
22 silly get     'x-timer': 'S1477211879.072650,VS0,VE0',
22 silly get     vary: 'Accept-Encoding' } ]
23 verbose etag https://registry.npmjs.org/git-scripts from cache
24 verbose get saving git-scripts to C:\Users\sharath.k\AppData\Roaming\npm-cache\registry.npmjs.org\git-scripts\.cache.json
25 verbose correctMkdir C:\Users\sharath.k\AppData\Roaming\npm-cache correctMkdir not in flight; initializing
26 silly install normalizeTree
27 silly loadCurrentTree Finishing
28 silly loadIdealTree Starting
29 silly install loadIdealTree
30 silly cloneCurrentTree Starting
31 silly install cloneCurrentTreeToIdealTree
32 silly cloneCurrentTree Finishing
33 silly loadShrinkwrap Starting
34 silly install loadShrinkwrap
35 silly loadShrinkwrap Finishing
36 silly loadAllDepsIntoIdealTree Starting
37 silly install loadAllDepsIntoIdealTree
38 silly resolveWithNewModule git-scripts@0.2.1 checking installable status
39 silly cache add args [ 'git-scripts', null ]
40 verbose cache add spec git-scripts
41 silly cache add parsed spec Result {
41 silly cache add   raw: 'git-scripts',
41 silly cache add   scope: null,
41 silly cache add   escapedName: 'git-scripts',
41 silly cache add   name: 'git-scripts',
41 silly cache add   rawSpec: '',
41 silly cache add   spec: 'latest',
41 silly cache add   type: 'tag' }
42 silly addNamed git-scripts@latest
43 verbose addNamed "latest" is being treated as a dist-tag for git-scripts
44 info addNameTag [ 'git-scripts', 'latest' ]
45 silly mapToRegistry name git-scripts
46 silly mapToRegistry using default registry
47 silly mapToRegistry registry https://registry.npmjs.org/
48 silly mapToRegistry data Result {
48 silly mapToRegistry   raw: 'git-scripts',
48 silly mapToRegistry   scope: null,
48 silly mapToRegistry   escapedName: 'git-scripts',
48 silly mapToRegistry   name: 'git-scripts',
48 silly mapToRegistry   rawSpec: '',
48 silly mapToRegistry   spec: 'latest',
48 silly mapToRegistry   type: 'tag' }
49 silly mapToRegistry uri https://registry.npmjs.org/git-scripts
50 verbose addNameTag registry:https://registry.npmjs.org/git-scripts not in flight; fetching
51 verbose get https://registry.npmjs.org/git-scripts not expired, no request
52 silly addNameTag next cb for git-scripts with tag latest
53 silly addNamed git-scripts@0.2.1
54 verbose addNamed "0.2.1" is a plain semver version for git-scripts
55 silly cache afterAdd git-scripts@0.2.1
56 verbose afterAdd C:\Users\sharath.k\AppData\Roaming\npm-cache\git-scripts\0.2.1\package\package.json not in flight; writing
57 verbose correctMkdir C:\Users\sharath.k\AppData\Roaming\npm-cache correctMkdir not in flight; initializing
58 verbose afterAdd C:\Users\sharath.k\AppData\Roaming\npm-cache\git-scripts\0.2.1\package\package.json written
59 silly fetchNamedPackageData commander
60 silly mapToRegistry name commander
61 silly mapToRegistry using default registry
62 silly mapToRegistry registry https://registry.npmjs.org/
63 silly mapToRegistry data Result {
63 silly mapToRegistry   raw: 'commander',
63 silly mapToRegistry   scope: null,
63 silly mapToRegistry   escapedName: 'commander',
63 silly mapToRegistry   name: 'commander',
63 silly mapToRegistry   rawSpec: '',
63 silly mapToRegistry   spec: 'latest',
63 silly mapToRegistry   type: 'tag' }
64 silly mapToRegistry uri https://registry.npmjs.org/commander
65 verbose request uri https://registry.npmjs.org/commander
66 verbose request no auth needed
67 info attempt registry request try #1 at 2:08:00 PM
68 verbose etag "1Z6Y2I81AMD6Q4YQBNIGCZPE0"
69 http request GET https://registry.npmjs.org/commander
70 http 304 https://registry.npmjs.org/commander
71 verbose headers { date: 'Sun, 23 Oct 2016 08:37:59 GMT',
71 verbose headers   via: '1.1 varnish',
71 verbose headers   'cache-control': 'max-age=300',
71 verbose headers   etag: '"1Z6Y2I81AMD6Q4YQBNIGCZPE0"',
71 verbose headers   age: '227',
71 verbose headers   connection: 'keep-alive',
71 verbose headers   'x-served-by': 'cache-sin6922-SIN',
71 verbose headers   'x-cache': 'HIT',
71 verbose headers   'x-cache-hits': '6',
71 verbose headers   'x-timer': 'S1477211879.437357,VS0,VE0',
71 verbose headers   vary: 'Accept-Encoding' }
72 silly get cb [ 304,
72 silly get   { date: 'Sun, 23 Oct 2016 08:37:59 GMT',
72 silly get     via: '1.1 varnish',
72 silly get     'cache-control': 'max-age=300',
72 silly get     etag: '"1Z6Y2I81AMD6Q4YQBNIGCZPE0"',
72 silly get     age: '227',
72 silly get     connection: 'keep-alive',
72 silly get     'x-served-by': 'cache-sin6922-SIN',
72 silly get     'x-cache': 'HIT',
72 silly get     'x-cache-hits': '6',
72 silly get     'x-timer': 'S1477211879.437357,VS0,VE0',
72 silly get     vary: 'Accept-Encoding' } ]
73 verbose etag https://registry.npmjs.org/commander from cache
74 verbose get saving commander to C:\Users\sharath.k\AppData\Roaming\npm-cache\registry.npmjs.org\commander\.cache.json
75 verbose correctMkdir C:\Users\sharath.k\AppData\Roaming\npm-cache correctMkdir not in flight; initializing
76 silly resolveWithNewModule commander@2.6.0 checking installable status
77 silly cache add args [ 'commander@2.6.0', null ]
78 verbose cache add spec commander@2.6.0
79 silly cache add parsed spec Result {
79 silly cache add   raw: 'commander@2.6.0',
79 silly cache add   scope: null,
79 silly cache add   escapedName: 'commander',
79 silly cache add   name: 'commander',
79 silly cache add   rawSpec: '2.6.0',
79 silly cache add   spec: '2.6.0',
79 silly cache add   type: 'version' }
80 silly addNamed commander@2.6.0
81 verbose addNamed "2.6.0" is a plain semver version for commander
82 silly mapToRegistry name commander
83 silly mapToRegistry using default registry
84 silly mapToRegistry registry https://registry.npmjs.org/
85 silly mapToRegistry data Result {
85 silly mapToRegistry   raw: 'commander',
85 silly mapToRegistry   scope: null,
85 silly mapToRegistry   escapedName: 'commander',
85 silly mapToRegistry   name: 'commander',
85 silly mapToRegistry   rawSpec: '',
85 silly mapToRegistry   spec: 'latest',
85 silly mapToRegistry   type: 'tag' }
86 silly mapToRegistry uri https://registry.npmjs.org/commander
87 verbose addNameVersion registry:https://registry.npmjs.org/commander not in flight; fetching
88 verbose get https://registry.npmjs.org/commander not expired, no request
89 silly cache afterAdd commander@2.6.0
90 verbose afterAdd C:\Users\sharath.k\AppData\Roaming\npm-cache\commander\2.6.0\package\package.json not in flight; writing
91 verbose correctMkdir C:\Users\sharath.k\AppData\Roaming\npm-cache correctMkdir not in flight; initializing
92 verbose afterAdd C:\Users\sharath.k\AppData\Roaming\npm-cache\commander\2.6.0\package\package.json written
93 silly loadAllDepsIntoIdealTree Finishing
94 silly loadIdealTree Finishing
95 silly currentTree flower@1.0.0
95 silly currentTree +-- asn1@0.1.11
95 silly currentTree +-- assert-plus@0.1.5
95 silly currentTree +-- async@0.1.22
95 silly currentTree +-- aws-sign2@0.5.0
95 silly currentTree +-- balanced-match@0.4.2
95 silly currentTree +-- block-stream@0.0.9
95 silly currentTree +-- boom@0.4.2
95 silly currentTree +-- brace-expansion@1.1.6
95 silly currentTree +-- colors@0.6.2
95 silly currentTree +-- combined-stream@0.0.7
95 silly currentTree +-- commander@1.1.1
95 silly currentTree +-- concat-map@0.0.1
95 silly currentTree +-- cryptiles@0.2.2
95 silly currentTree +-- ctype@0.5.3
95 silly currentTree +-- cycle@1.0.3
95 silly currentTree +-- deep-equal@1.0.1
95 silly currentTree +-- delayed-stream@0.0.5
95 silly currentTree +-- du@0.1.0
95 silly currentTree +-- eyes@0.1.8
95 silly currentTree +-- forever-agent@0.5.2
95 silly currentTree +-- form-data@0.1.4
95 silly currentTree | `-- async@0.9.2
95 silly currentTree +-- fs.realpath@1.0.0
95 silly currentTree +-- fstream-ignore@1.0.2
95 silly currentTree +-- fstream@1.0.10
95 silly currentTree +-- glob@7.1.1
95 silly currentTree | `-- minimatch@3.0.3
95 silly currentTree +-- graceful-fs@4.1.9
95 silly currentTree +-- hawk@1.1.1
95 silly currentTree +-- hoek@0.9.1
95 silly currentTree +-- http-signature@0.10.1
95 silly currentTree +-- i@0.3.5
95 silly currentTree +-- inflight@1.0.6
95 silly currentTree +-- inherits@2.0.3
95 silly currentTree +-- is-domain@0.0.1
95 silly currentTree +-- isstream@0.1.2
95 silly currentTree +-- json-stringify-safe@5.0.1
95 silly currentTree +-- keypress@0.1.0
95 silly currentTree +-- mime-types@1.0.2
95 silly currentTree +-- mime@1.2.11
95 silly currentTree +-- minimatch@2.0.10
95 silly currentTree +-- minimist@1.1.1
95 silly currentTree +-- mkdirp@0.5.1
95 silly currentTree | `-- minimist@0.0.8
95 silly currentTree +-- moniker@0.1.2
95 silly currentTree +-- mute-stream@0.0.6
95 silly currentTree +-- natives@1.1.0
95 silly currentTree +-- ncp@0.4.2
95 silly currentTree +-- netrc@0.1.4
95 silly currentTree +-- node-uuid@1.4.7
95 silly currentTree +-- oauth-sign@0.3.0
95 silly currentTree +-- once@1.4.0
95 silly currentTree +-- path-is-absolute@1.0.1
95 silly currentTree +-- pkginfo@0.4.0
95 silly currentTree +-- progress@1.1.8
95 silly currentTree +-- prompt@0.2.14
95 silly currentTree +-- qs@1.0.2
95 silly currentTree +-- read@1.0.5
95 silly currentTree +-- request@2.40.0
95 silly currentTree +-- revalidator@0.1.8
95 silly currentTree +-- rimraf@2.5.4
95 silly currentTree +-- sntp@0.2.4
95 silly currentTree +-- split@0.3.1
95 silly currentTree +-- stack-trace@0.0.9
95 silly currentTree +-- stringstream@0.0.5
95 silly currentTree +-- surge-ignore@0.2.0
95 silly currentTree +-- surge@0.18.0
95 silly currentTree +-- tar.gz@0.1.1
95 silly currentTree | +-- fstream@0.1.31
95 silly currentTree | +-- graceful-fs@3.0.11
95 silly currentTree | `-- tar@0.1.20
95 silly currentTree +-- tar@1.0.0
95 silly currentTree +-- through@2.3.8
95 silly currentTree +-- tough-cookie@2.3.1
95 silly currentTree +-- tunnel-agent@0.4.3
95 silly currentTree +-- url-parse-as-address@1.0.0
95 silly currentTree +-- utile@0.2.1
95 silly currentTree | `-- async@0.2.10
95 silly currentTree +-- winston@0.8.3
95 silly currentTree | +-- async@0.2.10
95 silly currentTree | `-- pkginfo@0.3.1
95 silly currentTree `-- wrappy@1.0.2
96 silly idealTree flower@1.0.0
96 silly idealTree +-- asn1@0.1.11
96 silly idealTree +-- assert-plus@0.1.5
96 silly idealTree +-- async@0.1.22
96 silly idealTree +-- aws-sign2@0.5.0
96 silly idealTree +-- balanced-match@0.4.2
96 silly idealTree +-- block-stream@0.0.9
96 silly idealTree +-- boom@0.4.2
96 silly idealTree +-- brace-expansion@1.1.6
96 silly idealTree +-- colors@0.6.2
96 silly idealTree +-- combined-stream@0.0.7
96 silly idealTree +-- commander@1.1.1
96 silly idealTree +-- concat-map@0.0.1
96 silly idealTree +-- cryptiles@0.2.2
96 silly idealTree +-- ctype@0.5.3
96 silly idealTree +-- cycle@1.0.3
96 silly idealTree +-- deep-equal@1.0.1
96 silly idealTree +-- delayed-stream@0.0.5
96 silly idealTree +-- du@0.1.0
96 silly idealTree +-- eyes@0.1.8
96 silly idealTree +-- forever-agent@0.5.2
96 silly idealTree +-- form-data@0.1.4
96 silly idealTree | `-- async@0.9.2
96 silly idealTree +-- fs.realpath@1.0.0
96 silly idealTree +-- fstream-ignore@1.0.2
96 silly idealTree +-- fstream@1.0.10
96 silly idealTree +-- git-scripts@0.2.1
96 silly idealTree | `-- commander@2.6.0
96 silly idealTree +-- glob@7.1.1
96 silly idealTree | `-- minimatch@3.0.3
96 silly idealTree +-- graceful-fs@4.1.9
96 silly idealTree +-- hawk@1.1.1
96 silly idealTree +-- hoek@0.9.1
96 silly idealTree +-- http-signature@0.10.1
96 silly idealTree +-- i@0.3.5
96 silly idealTree +-- inflight@1.0.6
96 silly idealTree +-- inherits@2.0.3
96 silly idealTree +-- is-domain@0.0.1
96 silly idealTree +-- isstream@0.1.2
96 silly idealTree +-- json-stringify-safe@5.0.1
96 silly idealTree +-- keypress@0.1.0
96 silly idealTree +-- mime-types@1.0.2
96 silly idealTree +-- mime@1.2.11
96 silly idealTree +-- minimatch@2.0.10
96 silly idealTree +-- minimist@1.1.1
96 silly idealTree +-- mkdirp@0.5.1
96 silly idealTree | `-- minimist@0.0.8
96 silly idealTree +-- moniker@0.1.2
96 silly idealTree +-- mute-stream@0.0.6
96 silly idealTree +-- natives@1.1.0
96 silly idealTree +-- ncp@0.4.2
96 silly idealTree +-- netrc@0.1.4
96 silly idealTree +-- node-uuid@1.4.7
96 silly idealTree +-- oauth-sign@0.3.0
96 silly idealTree +-- once@1.4.0
96 silly idealTree +-- path-is-absolute@1.0.1
96 silly idealTree +-- pkginfo@0.4.0
96 silly idealTree +-- progress@1.1.8
96 silly idealTree +-- prompt@0.2.14
96 silly idealTree +-- qs@1.0.2
96 silly idealTree +-- read@1.0.5
96 silly idealTree +-- request@2.40.0
96 silly idealTree +-- revalidator@0.1.8
96 silly idealTree +-- rimraf@2.5.4
96 silly idealTree +-- sntp@0.2.4
96 silly idealTree +-- split@0.3.1
96 silly idealTree +-- stack-trace@0.0.9
96 silly idealTree +-- stringstream@0.0.5
96 silly idealTree +-- surge-ignore@0.2.0
96 silly idealTree +-- surge@0.18.0
96 silly idealTree +-- tar.gz@0.1.1
96 silly idealTree | +-- fstream@0.1.31
96 silly idealTree | +-- graceful-fs@3.0.11
96 silly idealTree | `-- tar@0.1.20
96 silly idealTree +-- tar@1.0.0
96 silly idealTree +-- through@2.3.8
96 silly idealTree +-- tough-cookie@2.3.1
96 silly idealTree +-- tunnel-agent@0.4.3
96 silly idealTree +-- url-parse-as-address@1.0.0
96 silly idealTree +-- utile@0.2.1
96 silly idealTree | `-- async@0.2.10
96 silly idealTree +-- winston@0.8.3
96 silly idealTree | +-- async@0.2.10
96 silly idealTree | `-- pkginfo@0.3.1
96 silly idealTree `-- wrappy@1.0.2
97 silly generateActionsToTake Starting
98 silly install generateActionsToTake
99 silly generateActionsToTake Finishing
100 silly diffTrees action count 2
101 silly diffTrees add commander@2.6.0
102 silly diffTrees add git-scripts@0.2.1
103 silly decomposeActions action count 16
104 silly decomposeActions fetch commander@2.6.0
105 silly decomposeActions extract commander@2.6.0
106 silly decomposeActions test commander@2.6.0
107 silly decomposeActions preinstall commander@2.6.0
108 silly decomposeActions build commander@2.6.0
109 silly decomposeActions install commander@2.6.0
110 silly decomposeActions postinstall commander@2.6.0
111 silly decomposeActions finalize commander@2.6.0
112 silly decomposeActions fetch git-scripts@0.2.1
113 silly decomposeActions extract git-scripts@0.2.1
114 silly decomposeActions test git-scripts@0.2.1
115 silly decomposeActions preinstall git-scripts@0.2.1
116 silly decomposeActions build git-scripts@0.2.1
117 silly decomposeActions install git-scripts@0.2.1
118 silly decomposeActions postinstall git-scripts@0.2.1
119 silly decomposeActions finalize git-scripts@0.2.1
120 silly executeActions Starting
121 silly install executeActions
122 silly doSerial global-install 0
123 silly doParallel fetch 2
124 verbose correctMkdir C:\Users\sharath.k\AppData\Roaming\npm-cache\_locks correctMkdir not in flight; initializing
125 verbose lock using C:\Users\sharath.k\AppData\Roaming\npm-cache\_locks\staging-1c527dad4cdbf7b0.lock for C:\Users\sharath.k\Downloads\Flower\flower_template\node_modules\.staging
126 silly doParallel extract 2
127 silly extract commander@2.6.0
128 silly extract git-scripts@0.2.1
129 verbose unbuild node_modules\.staging\commander-f96d86a0
130 verbose unbuild node_modules\.staging\git-scripts-957a2a06
131 silly gentlyRm C:\Users\sharath.k\Downloads\Flower\flower_template\node_modules\.staging\commander-f96d86a0 is being purged from base C:\Users\sharath.k\Downloads\Flower\flower_template
132 verbose gentlyRm don't care about contents; nuking C:\Users\sharath.k\Downloads\Flower\flower_template\node_modules\.staging\commander-f96d86a0
133 verbose tar unpack C:\Users\sharath.k\AppData\Roaming\npm-cache\commander\2.6.0\package.tgz
134 verbose tar unpacking to C:\Users\sharath.k\Downloads\Flower\flower_template\node_modules\.staging\commander-f96d86a0
135 silly gentlyRm C:\Users\sharath.k\Downloads\Flower\flower_template\node_modules\.staging\commander-f96d86a0 is being purged
136 verbose gentlyRm don't care about contents; nuking C:\Users\sharath.k\Downloads\Flower\flower_template\node_modules\.staging\commander-f96d86a0
137 silly gunzTarPerm modes [ '777', '666' ]
138 silly gentlyRm C:\Users\sharath.k\Downloads\Flower\flower_template\node_modules\.staging\git-scripts-957a2a06 is being purged from base C:\Users\sharath.k\Downloads\Flower\flower_template
139 verbose gentlyRm don't care about contents; nuking C:\Users\sharath.k\Downloads\Flower\flower_template\node_modules\.staging\git-scripts-957a2a06
140 verbose tar unpack C:\Users\sharath.k\AppData\Roaming\npm-cache\git-scripts\0.2.1\package.tgz
141 verbose tar unpacking to C:\Users\sharath.k\Downloads\Flower\flower_template\node_modules\.staging\git-scripts-957a2a06
142 silly gentlyRm C:\Users\sharath.k\Downloads\Flower\flower_template\node_modules\.staging\git-scripts-957a2a06 is being purged
143 verbose gentlyRm don't care about contents; nuking C:\Users\sharath.k\Downloads\Flower\flower_template\node_modules\.staging\git-scripts-957a2a06
144 silly gunzTarPerm modes [ '777', '666' ]
145 silly gunzTarPerm extractEntry package.json
146 silly gunzTarPerm modified mode [ 'package.json', 436, 438 ]
147 silly gunzTarPerm extractEntry package.json
148 silly gunzTarPerm modified mode [ 'package.json', 420, 438 ]
149 silly gunzTarPerm extractEntry index.js
150 silly gunzTarPerm modified mode [ 'index.js', 436, 438 ]
151 silly gunzTarPerm extractEntry Readme.md
152 silly gunzTarPerm modified mode [ 'Readme.md', 436, 438 ]
153 silly gunzTarPerm extractEntry History.md
154 silly gunzTarPerm modified mode [ 'History.md', 436, 438 ]
155 silly gunzTarPerm extractEntry .npmignore
156 silly gunzTarPerm modified mode [ '.npmignore', 420, 438 ]
157 silly gunzTarPerm extractEntry README.md
158 silly gunzTarPerm modified mode [ 'README.md', 420, 438 ]
159 silly gunzTarPerm extractEntry LICENSE
160 silly gunzTarPerm modified mode [ 'LICENSE', 420, 438 ]
161 silly gunzTarPerm extractEntry index.js
162 silly gunzTarPerm modified mode [ 'index.js', 420, 438 ]
163 silly gunzTarPerm extractEntry bin/git-scripts
164 silly gunzTarPerm modified mode [ 'bin/git-scripts', 493, 511 ]
165 silly gunzTarPerm extractEntry bin/git-scripts-install
166 silly gunzTarPerm modified mode [ 'bin/git-scripts-install', 493, 511 ]
167 silly gunzTarPerm extractEntry bin/git-scripts-run
168 silly gunzTarPerm modified mode [ 'bin/git-scripts-run', 493, 511 ]
169 silly gunzTarPerm extractEntry bin/git-scripts-uninstall
170 silly gunzTarPerm modified mode [ 'bin/git-scripts-uninstall', 493, 511 ]
171 silly gunzTarPerm extractEntry bin/hooks/post-update
172 silly gunzTarPerm modified mode [ 'bin/hooks/post-update', 493, 511 ]
173 silly gunzTarPerm extractEntry bin/hooks/applypatch-msg
174 silly gunzTarPerm modified mode [ 'bin/hooks/applypatch-msg', 493, 511 ]
175 silly gunzTarPerm extractEntry bin/hooks/hook
176 silly gunzTarPerm modified mode [ 'bin/hooks/hook', 493, 511 ]
177 silly gunzTarPerm extractEntry bin/hooks/post-applypatch
178 silly gunzTarPerm modified mode [ 'bin/hooks/post-applypatch', 493, 511 ]
179 silly gunzTarPerm extractEntry bin/hooks/post-checkout
180 silly gunzTarPerm modified mode [ 'bin/hooks/post-checkout', 493, 511 ]
181 silly gunzTarPerm extractEntry bin/hooks/post-commit
182 silly gunzTarPerm modified mode [ 'bin/hooks/post-commit', 493, 511 ]
183 silly gunzTarPerm extractEntry bin/hooks/post-merge
184 silly gunzTarPerm modified mode [ 'bin/hooks/post-merge', 493, 511 ]
185 silly gunzTarPerm extractEntry bin/hooks/post-receive
186 silly gunzTarPerm modified mode [ 'bin/hooks/post-receive', 493, 511 ]
187 silly gunzTarPerm extractEntry bin/hooks/post-rewrite
188 silly gunzTarPerm modified mode [ 'bin/hooks/post-rewrite', 493, 511 ]
189 silly gunzTarPerm extractEntry bin/hooks/commit-msg
190 silly gunzTarPerm modified mode [ 'bin/hooks/commit-msg', 493, 511 ]
191 silly gunzTarPerm extractEntry bin/hooks/pre-applypatch
192 silly gunzTarPerm modified mode [ 'bin/hooks/pre-applypatch', 493, 511 ]
193 silly gentlyRm C:\Users\sharath.k\Downloads\Flower\flower_template\node_modules\.staging\commander-f96d86a0\node_modules is being purged
194 verbose gentlyRm don't care about contents; nuking C:\Users\sharath.k\Downloads\Flower\flower_template\node_modules\.staging\commander-f96d86a0\node_modules
195 silly gunzTarPerm extractEntry bin/hooks/pre-auto-gc
196 silly gunzTarPerm modified mode [ 'bin/hooks/pre-auto-gc', 493, 511 ]
197 silly gunzTarPerm extractEntry bin/hooks/pre-commit
198 silly gunzTarPerm modified mode [ 'bin/hooks/pre-commit', 493, 511 ]
199 silly gunzTarPerm extractEntry bin/hooks/pre-push
200 silly gunzTarPerm modified mode [ 'bin/hooks/pre-push', 493, 511 ]
201 silly gunzTarPerm extractEntry bin/hooks/pre-rebase
202 silly gunzTarPerm modified mode [ 'bin/hooks/pre-rebase', 493, 511 ]
203 silly gunzTarPerm extractEntry bin/hooks/pre-receive
204 silly gunzTarPerm modified mode [ 'bin/hooks/pre-receive', 493, 511 ]
205 silly gunzTarPerm extractEntry bin/hooks/prepare-commit-msg
206 silly gunzTarPerm modified mode [ 'bin/hooks/prepare-commit-msg', 493, 511 ]
207 silly gunzTarPerm extractEntry bin/hooks/update
208 silly gunzTarPerm modified mode [ 'bin/hooks/update', 493, 511 ]
209 silly gunzTarPerm extractEntry bin/install
210 silly gunzTarPerm modified mode [ 'bin/install', 493, 511 ]
211 silly gunzTarPerm extractEntry bin/uninstall
212 silly gunzTarPerm modified mode [ 'bin/uninstall', 493, 511 ]
213 silly gunzTarPerm extractEntry lib/git-scripts.js
214 silly gunzTarPerm modified mode [ 'lib/git-scripts.js', 493, 511 ]
215 silly gunzTarPerm extractEntry lib/index.js
216 silly gunzTarPerm modified mode [ 'lib/index.js', 420, 438 ]
217 silly gunzTarPerm extractEntry .travis.yml
218 silly gunzTarPerm modified mode [ '.travis.yml', 420, 438 ]
219 silly gentlyRm C:\Users\sharath.k\Downloads\Flower\flower_template\node_modules\.staging\git-scripts-957a2a06\node_modules is being purged
220 verbose gentlyRm don't care about contents; nuking C:\Users\sharath.k\Downloads\Flower\flower_template\node_modules\.staging\git-scripts-957a2a06\node_modules
221 silly doParallel preinstall 2
222 silly preinstall commander@2.6.0 C:\Users\sharath.k\Downloads\Flower\flower_template\node_modules\.staging\commander-f96d86a0
223 info lifecycle commander@2.6.0~preinstall: commander@2.6.0
224 silly preinstall git-scripts@0.2.1 C:\Users\sharath.k\Downloads\Flower\flower_template\node_modules\.staging\git-scripts-957a2a06
225 info lifecycle git-scripts@0.2.1~preinstall: git-scripts@0.2.1
226 silly lifecycle commander@2.6.0~preinstall: no script for preinstall, continuing
227 silly lifecycle git-scripts@0.2.1~preinstall: no script for preinstall, continuing
228 silly doReverseSerial remove 0
229 silly doSerial move 0
230 silly doSerial finalize 2
231 silly finalize C:\Users\sharath.k\Downloads\Flower\flower_template\node_modules\git-scripts\node_modules\commander
232 silly finalize C:\Users\sharath.k\Downloads\Flower\flower_template\node_modules\git-scripts
233 silly doSerial build 2
234 silly build commander@2.6.0
235 info linkStuff commander@2.6.0
236 silly linkStuff commander@2.6.0 has C:\Users\sharath.k\Downloads\Flower\flower_template\node_modules\git-scripts\node_modules as its parent node_modules
237 verbose linkBins commander@2.6.0
238 verbose linkMans commander@2.6.0
239 silly build git-scripts@0.2.1
240 info linkStuff git-scripts@0.2.1
241 silly linkStuff git-scripts@0.2.1 has C:\Users\sharath.k\Downloads\Flower\flower_template\node_modules as its parent node_modules
242 verbose linkBins git-scripts@0.2.1
243 verbose link bins [ { 'git-scripts': './bin/git-scripts' },
243 verbose link bins   'C:\\Users\\sharath.k\\Downloads\\Flower\\flower_template\\node_modules\\.bin',
243 verbose link bins   false ]
244 verbose linkMans git-scripts@0.2.1
245 silly doSerial global-link 0
246 silly doParallel update-linked 0
247 silly doSerial install 2
248 silly install commander@2.6.0 C:\Users\sharath.k\Downloads\Flower\flower_template\node_modules\.staging\commander-f96d86a0
249 info lifecycle commander@2.6.0~install: commander@2.6.0
250 silly lifecycle commander@2.6.0~install: no script for install, continuing
251 silly install git-scripts@0.2.1 C:\Users\sharath.k\Downloads\Flower\flower_template\node_modules\.staging\git-scripts-957a2a06
252 info lifecycle git-scripts@0.2.1~install: git-scripts@0.2.1
253 silly lifecycle git-scripts@0.2.1~install: no script for install, continuing
254 silly doSerial postinstall 2
255 silly postinstall commander@2.6.0 C:\Users\sharath.k\Downloads\Flower\flower_template\node_modules\.staging\commander-f96d86a0
256 info lifecycle commander@2.6.0~postinstall: commander@2.6.0
257 silly lifecycle commander@2.6.0~postinstall: no script for postinstall, continuing
258 silly postinstall git-scripts@0.2.1 C:\Users\sharath.k\Downloads\Flower\flower_template\node_modules\.staging\git-scripts-957a2a06
259 info lifecycle git-scripts@0.2.1~postinstall: git-scripts@0.2.1
260 verbose lifecycle git-scripts@0.2.1~postinstall: unsafe-perm in lifecycle true
261 verbose lifecycle git-scripts@0.2.1~postinstall: PATH: C:\Users\sharath.k\AppData\Roaming\npm\node_modules\npm\bin\node-gyp-bin;C:\Users\sharath.k\Downloads\Flower\flower_template\node_modules\git-scripts\node_modules\.bin;C:\Users\sharath.k\Downloads\Flower\flower_template\node_modules\.bin;C:\Users\sharath.k\bin;C:\Users\sharath.k\AppData\Local\Programs\Git\mingw64\bin;C:\Users\sharath.k\AppData\Local\Programs\Git\usr\local\bin;C:\Users\sharath.k\AppData\Local\Programs\Git\usr\bin;C:\Users\sharath.k\AppData\Local\Programs\Git\usr\bin;C:\Users\sharath.k\AppData\Local\Programs\Git\mingw64\bin;C:\Users\sharath.k\AppData\Local\Programs\Git\usr\bin;C:\Users\sharath.k\bin;C:\ProgramData\Oracle\Java\javapath;C:\WINDOWS\system32;C:\WINDOWS;C:\WINDOWS\System32\Wbem;C:\WINDOWS\System32\WindowsPowerShell\v1.0;C:\Program Files (x86)\Skype\Phone;C:\Program Files\nodejs;C:\Program Files\MongoDB\Server\3.2\bin;C:\Program Files\Microsoft SQL Server\110\Tools\Binn;C:\Program Files\Microsoft SQL Server\120\Tools\Binn;C:\Program Files (x86)\Windows Kits\8.1\Windows Performance Toolkit;C:\Program Files\TortoiseGit\bin;C:\Program Files (x86)\Yarn\bin;C:\Program Files (x86)\Calibre2;C:\ProgramData\Oracle\Java\javapath;C:\WINDOWS\system32;C:\WINDOWS;C:\WINDOWS\System32\Wbem;C:\WINDOWS\System32\WindowsPowerShell\v1.0;C:\Program Files\nodejs;C:\Program Files (x86)\Skype\Phone;C:\Users\sharath.k\AppData\Local\Programs\Git\cmd;C:\Users\sharath.k\AppData\Local\Programs\Git\mingw64\bin;C:\Users\sharath.k\AppData\Local\Programs\Git\usr\bin;C:\Users\sharath.k\AppData\Roaming\npm;C:\Program Files\MongoDB\Server\3.2\bin;C:\Python27;C:\TURBOC3\BIN;C:\Python27\Scripts;%USERPROFILE%\AppData\Local\Microsoft\WindowsApps;C:\Users\sharath.k\AppData\Local\Programs\Git\usr\bin\vendor_perl;C:\Users\sharath.k\AppData\Local\Programs\Git\usr\bin\core_perl
262 verbose lifecycle git-scripts@0.2.1~postinstall: CWD: C:\Users\sharath.k\Downloads\Flower\flower_template\node_modules\git-scripts
263 silly lifecycle git-scripts@0.2.1~postinstall: Args: [ '/d /s /c', './bin/install' ]
264 silly lifecycle git-scripts@0.2.1~postinstall: Returned: code: 1  signal: null
265 info lifecycle git-scripts@0.2.1~postinstall: Failed to exec postinstall script
266 verbose unlock done using C:\Users\sharath.k\AppData\Roaming\npm-cache\_locks\staging-1c527dad4cdbf7b0.lock for C:\Users\sharath.k\Downloads\Flower\flower_template\node_modules\.staging
267 silly rollbackFailedOptional Starting
268 silly rollbackFailedOptional Finishing
269 silly runTopLevelLifecycles Starting
270 silly runTopLevelLifecycles Finishing
271 silly install printInstalled
272 verbose stack Error: git-scripts@0.2.1 postinstall: `./bin/install`
272 verbose stack Exit status 1
272 verbose stack     at EventEmitter.<anonymous> (C:\Users\sharath.k\AppData\Roaming\npm\node_modules\npm\lib\utils\lifecycle.js:255:16)
272 verbose stack     at emitTwo (events.js:87:13)
272 verbose stack     at EventEmitter.emit (events.js:172:7)
272 verbose stack     at ChildProcess.<anonymous> (C:\Users\sharath.k\AppData\Roaming\npm\node_modules\npm\lib\utils\spawn.js:40:14)
272 verbose stack     at emitTwo (events.js:87:13)
272 verbose stack     at ChildProcess.emit (events.js:172:7)
272 verbose stack     at maybeClose (internal/child_process.js:827:16)
272 verbose stack     at Process.ChildProcess._handle.onexit (internal/child_process.js:211:5)
273 verbose pkgid git-scripts@0.2.1
274 verbose cwd C:\Users\sharath.k\Downloads\Flower\flower_template
275 error Windows_NT 10.0.14393
276 error argv "C:\\Program Files\\nodejs\\node.exe" "C:\\Users\\sharath.k\\AppData\\Roaming\\npm\\node_modules\\npm\\bin\\npm-cli.js" "install" "git-scripts" "--save"
277 error node v4.4.4
278 error npm  v3.10.6
279 error code ELIFECYCLE
280 error git-scripts@0.2.1 postinstall: `./bin/install`
280 error Exit status 1
281 error Failed at the git-scripts@0.2.1 postinstall script './bin/install'.
281 error Make sure you have the latest version of node.js and npm installed.
281 error If you do, this is most likely a problem with the git-scripts package,
281 error not with npm itself.
281 error Tell the author that this fails on your system:
281 error     ./bin/install
281 error You can get information on how to open an issue for this project with:
281 error     npm bugs git-scripts
281 error Or if that isn't available, you can get their info via:
281 error     npm owner ls git-scripts
281 error There is likely additional logging output above.
282 verbose exit [ 1, true ]
